Traceback (most recent call last):
  File "/home/nick/work_area/coachway_demo/tests/integration/test_complete_workflows.py", line 517, in <module>
    tester.test_workflow_6_cross_service_integration()
  File "/home/nick/work_area/coachway_demo/tests/integration/test_complete_workflows.py", line 441, in test_workflow_6_cross_service_integration
    conversion = self.test_workflow_1_lead_to_charter_conversion()
  File "/home/nick/work_area/coachway_demo/tests/integration/test_complete_workflows.py", line 80, in test_workflow_1_lead_to_charter_conversion
    assert response.status_code == 201, f"Failed to create lead: {response.text}"
AssertionError: Failed to create lead: {"detail":[{"type":"datetime_parsing","loc":["body","estimated_trip_date"],"msg":"Input should be a valid datetime, invalid datetime separator, expected `T`, `t`, `_` or space","input":"2026-03-03","ctx":{"error":"invalid datetime separator, expected `T`, `t`, `_` or space"},"url":"https://errors.pydantic.dev/2.5/v/datetime_parsing"}]}
Starting CoachWay Integration Tests...
============================================================
✅ Sales Service: healthy
✅ Pricing Service: healthy
✅ Vendor Service: healthy
✅ Portal Service: healthy
✅ Changes Service: healthy

=== Testing Complete Cross-Service Integration ===
Running sub-workflows...

=== Testing Lead to Charter Conversion Workflow ===

❌ TEST FAILED: Failed to create lead: {"detail":[{"type":"datetime_parsing","loc":["body","estimated_trip_date"],"msg":"Input should be a valid datetime, invalid datetime separator, expected `T`, `t`, `_` or space","input":"2026-03-03","ctx":{"error":"invalid datetime separator, expected `T`, `t`, `_` or space"},"url":"https://errors.pydantic.dev/2.5/v/datetime_parsing"}]}
